nohup: ignoring input

> api@0.0.0 start:dev /home/ubuntu/community-forums
> nodemon

[33m[nodemon] 1.18.11[39m
[33m[nodemon] to restart at any time, enter `rs`[39m
[33m[nodemon] watching: /home/ubuntu/community-forums/src/**/*[39m
[32m[nodemon] starting `ts-node -r tsconfig-paths/register src/main.ts`[39m
events.js:167
      throw er; // Unhandled 'error' event
      ^

Error: EBADF: bad file descriptor, read
Emitted 'error' event at:
    at lazyFs.read (internal/fs/streams.js:165:12)
    at FSReqWrap.wrapper [as oncomplete] (fs.js:463:17)
npm ERR! code ELIFECYCLE
npm ERR! errno 1
npm ERR! api@0.0.0 start:dev: `nodemon`
npm ERR! Exit status 1
npm ERR! 
npm ERR! Failed at the api@0.0.0 start:dev script.
npm ERR! This is probably not a problem with npm. There is likely additional logging output above.

npm ERR! A complete log of this run can be found in:
npm ERR!     /home/ubuntu/.npm/_logs/2019-04-18T07_54_18_035Z-debug.log
[32m[Nest] 17855   - [39m4/18/2019, 12:54:19 AM   [38;5;3m[NestFactory] [39m[32mStarting Nest application...[39m
[32m[Nest] 17855   - [39m4/18/2019, 12:54:19 AM   [38;5;3m[InstanceLoader] [39m[32mApplicationModule dependencies initialized[39m[38;5;3m +95ms[39m
[32m[Nest] 17855   - [39m4/18/2019, 12:54:19 AM   [38;5;3m[InstanceLoader] [39m[32mTypeOrmModule dependencies initialized[39m[38;5;3m +1ms[39m
[32m[Nest] 17855   - [39m4/18/2019, 12:54:19 AM   [38;5;3m[InstanceLoader] [39m[32mEJSModule dependencies initialized[39m[38;5;3m +0ms[39m
[32m[Nest] 17855   - [39m4/18/2019, 12:54:20 AM   [38;5;3m[InstanceLoader] [39m[32mTypeOrmCoreModule dependencies initialized[39m[38;5;3m +177ms[39m
[32m[Nest] 17855   - [39m4/18/2019, 12:54:20 AM   [38;5;3m[InstanceLoader] [39m[32mTypeOrmModule dependencies initialized[39m[38;5;3m +0ms[39m
[32m[Nest] 17855   - [39m4/18/2019, 12:54:20 AM   [38;5;3m[InstanceLoader] [39m[32mTypeOrmModule dependencies initialized[39m[38;5;3m +0ms[39m
[32m[Nest] 17855   - [39m4/18/2019, 12:54:20 AM   [38;5;3m[InstanceLoader] [39m[32mTypeOrmModule dependencies initialized[39m[38;5;3m +0ms[39m
[32m[Nest] 17855   - [39m4/18/2019, 12:54:20 AM   [38;5;3m[InstanceLoader] [39m[32mTypeOrmModule dependencies initialized[39m[38;5;3m +0ms[39m
[32m[Nest] 17855   - [39m4/18/2019, 12:54:20 AM   [38;5;3m[InstanceLoader] [39m[32mTypeOrmModule dependencies initialized[39m[38;5;3m +0ms[39m
[32m[Nest] 17855   - [39m4/18/2019, 12:54:20 AM   [38;5;3m[InstanceLoader] [39m[32mTypeOrmModule dependencies initialized[39m[38;5;3m +0ms[39m
[32m[Nest] 17855   - [39m4/18/2019, 12:54:20 AM   [38;5;3m[InstanceLoader] [39m[32mTypeOrmModule dependencies initialized[39m[38;5;3m +0ms[39m
[32m[Nest] 17855   - [39m4/18/2019, 12:54:20 AM   [38;5;3m[InstanceLoader] [39m[32mTypeOrmModule dependencies initialized[39m[38;5;3m +1ms[39m
[32m[Nest] 17855   - [39m4/18/2019, 12:54:20 AM   [38;5;3m[InstanceLoader] [39m[32mTypeOrmModule dependencies initialized[39m[38;5;3m +0ms[39m
[32m[Nest] 17855   - [39m4/18/2019, 12:54:20 AM   [38;5;3m[InstanceLoader] [39m[32mTypeOrmModule dependencies initialized[39m[38;5;3m +0ms[39m
[32m[Nest] 17855   - [39m4/18/2019, 12:54:20 AM   [38;5;3m[InstanceLoader] [39m[32mTypeOrmModule dependencies initialized[39m[38;5;3m +0ms[39m
[32m[Nest] 17855   - [39m4/18/2019, 12:54:20 AM   [38;5;3m[InstanceLoader] [39m[32mAuthModule dependencies initialized[39m[38;5;3m +4ms[39m
[32m[Nest] 17855   - [39m4/18/2019, 12:54:20 AM   [38;5;3m[InstanceLoader] [39m[32mRegisterModule dependencies initialized[39m[38;5;3m +0ms[39m
[32m[Nest] 17855   - [39m4/18/2019, 12:54:20 AM   [38;5;3m[InstanceLoader] [39m[32mSettingModule dependencies initialized[39m[38;5;3m +1ms[39m
[32m[Nest] 17855   - [39m4/18/2019, 12:54:20 AM   [38;5;3m[InstanceLoader] [39m[32mArticlesModule dependencies initialized[39m[38;5;3m +0ms[39m
[32m[Nest] 17855   - [39m4/18/2019, 12:54:20 AM   [38;5;3m[InstanceLoader] [39m[32mDownloadModule dependencies initialized[39m[38;5;3m +0ms[39m
[32m[Nest] 17855   - [39m4/18/2019, 12:54:20 AM   [38;5;3m[InstanceLoader] [39m[32mIndexModule dependencies initialized[39m[38;5;3m +0ms[39m
[32m[Nest] 17855   - [39m4/18/2019, 12:54:20 AM   [38;5;3m[InstanceLoader] [39m[32mLoginModule dependencies initialized[39m[38;5;3m +0ms[39m
[32m[Nest] 17855   - [39m4/18/2019, 12:54:20 AM   [38;5;3m[InstanceLoader] [39m[32mForumModule dependencies initialized[39m[38;5;3m +1ms[39m
[32m[Nest] 17855   - [39m4/18/2019, 12:54:20 AM   [38;5;3m[InstanceLoader] [39m[32mPostsModule dependencies initialized[39m[38;5;3m +0ms[39m
[32m[Nest] 17855   - [39m4/18/2019, 12:54:20 AM   [38;5;3m[InstanceLoader] [39m[32mFocusModule dependencies initialized[39m[38;5;3m +0ms[39m
[32m[Nest] 17855   - [39m4/18/2019, 12:54:20 AM   [38;5;3m[InstanceLoader] [39m[32mPublishModule dependencies initialized[39m[38;5;3m +0ms[39m
[32m[Nest] 17855   - [39m4/18/2019, 12:54:20 AM   [38;5;3m[InstanceLoader] [39m[32mReplyModule dependencies initialized[39m[38;5;3m +0ms[39m
[32m[Nest] 17855   - [39m4/18/2019, 12:54:20 AM   [38;5;3m[InstanceLoader] [39m[32mArticleDetailModule dependencies initialized[39m[38;5;3m +1ms[39m
[32m[Nest] 17855   - [39m4/18/2019, 12:54:20 AM   [38;5;3m[InstanceLoader] [39m[32mCollectModule dependencies initialized[39m[38;5;3m +0ms[39m
[32m[Nest] 17855   - [39m4/18/2019, 12:54:20 AM   [38;5;3m[InstanceLoader] [39m[32mSearchPageModule dependencies initialized[39m[38;5;3m +0ms[39m
[32m[Nest] 17855   - [39m4/18/2019, 12:54:20 AM   [38;5;3m[InstanceLoader] [39m[32mAccountModule dependencies initialized[39m[38;5;3m +0ms[39m
[32m[Nest] 17855   - [39m4/18/2019, 12:54:20 AM   [38;5;3m[RoutesResolver] [39m[32mDposController {/ejs}:[39m[38;5;3m +43ms[39m
[32m[Nest] 17855   - [39m4/18/2019, 12:54:20 AM   [38;5;3m[RouterExplorer] [39m[32mMapped {/, GET} route[39m[38;5;3m +4ms[39m
[32m[Nest] 17855   - [39m4/18/2019, 12:54:20 AM   [38;5;3m[RouterExplorer] [39m[32mMapped {/ransfer, POST} route[39m[38;5;3m +1ms[39m
[32m[Nest] 17855   - [39m4/18/2019, 12:54:20 AM   [38;5;3m[RoutesResolver] [39m[32mIndexController {/}:[39m[38;5;3m +0ms[39m
[32m[Nest] 17855   - [39m4/18/2019, 12:54:20 AM   [38;5;3m[RouterExplorer] [39m[32mMapped {/, GET} route[39m[38;5;3m +1ms[39m
[32m[Nest] 17855   - [39m4/18/2019, 12:54:20 AM   [38;5;3m[RouterExplorer] [39m[32mMapped {/topic/:articleType, GET} route[39m[38;5;3m +0ms[39m
[32m[Nest] 17855   - [39m4/18/2019, 12:54:20 AM   [38;5;3m[RouterExplorer] [39m[32mMapped {/topic/:articleType/:page, GET} route[39m[38;5;3m +0ms[39m
[32m[Nest] 17855   - [39m4/18/2019, 12:54:20 AM   [38;5;3m[RouterExplorer] [39m[32mMapped {/viewCount, POST} route[39m[38;5;3m +1ms[39m
[32m[Nest] 17855   - [39m4/18/2019, 12:54:20 AM   [38;5;3m[RoutesResolver] [39m[32mLoginController {/user}:[39m[38;5;3m +0ms[39m
[32m[Nest] 17855   - [39m4/18/2019, 12:54:20 AM   [38;5;3m[RouterExplorer] [39m[32mMapped {/login, GET} route[39m[38;5;3m +0ms[39m
[32m[Nest] 17855   - [39m4/18/2019, 12:54:20 AM   [38;5;3m[RouterExplorer] [39m[32mMapped {/login, POST} route[39m[38;5;3m +1ms[39m
[32m[Nest] 17855   - [39m4/18/2019, 12:54:20 AM   [38;5;3m[RouterExplorer] [39m[32mMapped {/verifica/:userId/:token, GET} route[39m[38;5;3m +0ms[39m
[32m[Nest] 17855   - [39m4/18/2019, 12:54:20 AM   [38;5;3m[RouterExplorer] [39m[32mMapped {/Everifica, POST} route[39m[38;5;3m +1ms[39m
[32m[Nest] 17855   - [39m4/18/2019, 12:54:20 AM   [38;5;3m[RoutesResolver] [39m[32mForumController {/forum}:[39m[38;5;3m +0ms[39m
[32m[Nest] 17855   - [39m4/18/2019, 12:54:20 AM   [38;5;3m[RouterExplorer] [39m[32mMapped {/forum, GET} route[39m[38;5;3m +0ms[39m
[32m[Nest] 17855   - [39m4/18/2019, 12:54:20 AM   [38;5;3m[RouterExplorer] [39m[32mMapped {/forum, POST} route[39m[38;5;3m +1ms[39m
[32m[Nest] 17855   - [39m4/18/2019, 12:54:20 AM   [38;5;3m[RoutesResolver] [39m[32mRegisterController {/user}:[39m[38;5;3m +0ms[39m
[32m[Nest] 17855   - [39m4/18/2019, 12:54:20 AM   [38;5;3m[RouterExplorer] [39m[32mMapped {/register, GET} route[39m[38;5;3m +0ms[39m
[32m[Nest] 17855   - [39m4/18/2019, 12:54:20 AM   [38;5;3m[RouterExplorer] [39m[32mMapped {/register, POST} route[39m[38;5;3m +1ms[39m
[32m[Nest] 17855   - [39m4/18/2019, 12:54:20 AM   [38;5;3m[RoutesResolver] [39m[32mPostsController {/account}:[39m[38;5;3m +0ms[39m
[32m[Nest] 17855   - [39m4/18/2019, 12:54:20 AM   [38;5;3m[RouterExplorer] [39m[32mMapped {/posts/:nickName, GET} route[39m[38;5;3m +0ms[39m
[32m[Nest] 17855   - [39m4/18/2019, 12:54:20 AM   [38;5;3m[RouterExplorer] [39m[32mMapped {/posts/:nickName/:page, GET} route[39m[38;5;3m +1ms[39m
[32m[Nest] 17855   - [39m4/18/2019, 12:54:20 AM   [38;5;3m[RouterExplorer] [39m[32mMapped {/deleteArticle, POST} route[39m[38;5;3m +0ms[39m
[32m[Nest] 17855   - [39m4/18/2019, 12:54:20 AM   [38;5;3m[RoutesResolver] [39m[32mFocusController {/account}:[39m[38;5;3m +0ms[39m
[32m[Nest] 17855   - [39m4/18/2019, 12:54:20 AM   [38;5;3m[RouterExplorer] [39m[32mMapped {/focus, GET} route[39m[38;5;3m +1ms[39m
[32m[Nest] 17855   - [39m4/18/2019, 12:54:20 AM   [38;5;3m[RoutesResolver] [39m[32mAccountController {/account}:[39m[38;5;3m +0ms[39m
[32m[Nest] 17855   - [39m4/18/2019, 12:54:20 AM   [38;5;3m[RouterExplorer] [39m[32mMapped {/account/:nickName, GET} route[39m[38;5;3m +0ms[39m
[32m[Nest] 17855   - [39m4/18/2019, 12:54:20 AM   [38;5;3m[RouterExplorer] [39m[32mMapped {/upload, POST} route[39m[38;5;3m +1ms[39m
[32m[Nest] 17855   - [39m4/18/2019, 12:54:20 AM   [38;5;3m[RouterExplorer] [39m[32mMapped {/getUserInfo, POST} route[39m[38;5;3m +0ms[39m
[32m[Nest] 17855   - [39m4/18/2019, 12:54:20 AM   [38;5;3m[RouterExplorer] [39m[32mMapped {/user/changePassWord, GET} route[39m[38;5;3m +0ms[39m
[32m[Nest] 17855   - [39m4/18/2019, 12:54:20 AM   [38;5;3m[RouterExplorer] [39m[32mMapped {/user/changeEmail, GET} route[39m[38;5;3m +1ms[39m
[32m[Nest] 17855   - [39m4/18/2019, 12:54:20 AM   [38;5;3m[RoutesResolver] [39m[32mPublishController {/post}:[39m[38;5;3m +0ms[39m
[32m[Nest] 17855   - [39m4/18/2019, 12:54:20 AM   [38;5;3m[RouterExplorer] [39m[32mMapped {/publish/*, GET} route[39m[38;5;3m +0ms[39m
[32m[Nest] 17855   - [39m4/18/2019, 12:54:20 AM   [38;5;3m[RouterExplorer] [39m[32mMapped {/publish, POST} route[39m[38;5;3m +1ms[39m
[32m[Nest] 17855   - [39m4/18/2019, 12:54:20 AM   [38;5;3m[RoutesResolver] [39m[32mSettingController {/account}:[39m[38;5;3m +0ms[39m
[32m[Nest] 17855   - [39m4/18/2019, 12:54:20 AM   [38;5;3m[RouterExplorer] [39m[32mMapped {/setting/:userId, GET} route[39m[38;5;3m +1ms[39m
[32m[Nest] 17855   - [39m4/18/2019, 12:54:20 AM   [38;5;3m[RouterExplorer] [39m[32mMapped {/losePassword, GET} route[39m[38;5;3m +0ms[39m
[32m[Nest] 17855   - [39m4/18/2019, 12:54:20 AM   [38;5;3m[RouterExplorer] [39m[32mMapped {/resetPassword, POST} route[39m[38;5;3m +0ms[39m
[32m[Nest] 17855   - [39m4/18/2019, 12:54:20 AM   [38;5;3m[RouterExplorer] [39m[32mMapped {/resetEmail, POST} route[39m[38;5;3m +1ms[39m
[32m[Nest] 17855   - [39m4/18/2019, 12:54:20 AM   [38;5;3m[RouterExplorer] [39m[32mMapped {/validateEmail, POST} route[39m[38;5;3m +0ms[39m
[32m[Nest] 17855   - [39m4/18/2019, 12:54:20 AM   [38;5;3m[RouterExplorer] [39m[32mMapped {/getUserInfo, POST} route[39m[38;5;3m +0ms[39m
[32m[Nest] 17855   - [39m4/18/2019, 12:54:20 AM   [38;5;3m[RoutesResolver] [39m[32mReplyController {/account}:[39m[38;5;3m +1ms[39m
[32m[Nest] 17855   - [39m4/18/2019, 12:54:20 AM   [38;5;3m[RouterExplorer] [39m[32mMapped {/reply/:nickName, GET} route[39m[38;5;3m +0ms[39m
[32m[Nest] 17855   - [39m4/18/2019, 12:54:20 AM   [38;5;3m[RouterExplorer] [39m[32mMapped {/reply/:nickName/:page, GET} route[39m[38;5;3m +0ms[39m
[32m[Nest] 17855   - [39m4/18/2019, 12:54:20 AM   [38;5;3m[RoutesResolver] [39m[32mArticlesController {/articles}:[39m[38;5;3m +1ms[39m
[32m[Nest] 17855   - [39m4/18/2019, 12:54:20 AM   [38;5;3m[RouterExplorer] [39m[32mMapped {/articles, GET} route[39m[38;5;3m +0ms[39m
[32m[Nest] 17855   - [39m4/18/2019, 12:54:20 AM   [38;5;3m[RouterExplorer] [39m[32mMapped {/articles, POST} route[39m[38;5;3m +0ms[39m
[32m[Nest] 17855   - [39m4/18/2019, 12:54:20 AM   [38;5;3m[RoutesResolver] [39m[32mArticleDetailController {/post}:[39m[38;5;3m +1ms[39m
[32m[Nest] 17855   - [39m4/18/2019, 12:54:20 AM   [38;5;3m[RouterExplorer] [39m[32mMapped {/articleDetail/:articleId, GET} route[39m[38;5;3m +0ms[39m
[32m[Nest] 17855   - [39m4/18/2019, 12:54:20 AM   [38;5;3m[RouterExplorer] [39m[32mMapped {/articleDetail/:articleId/:page, GET} route[39m[38;5;3m +1ms[39m
[32m[Nest] 17855   - [39m4/18/2019, 12:54:20 AM   [38;5;3m[RouterExplorer] [39m[32mMapped {/addComment, POST} route[39m[38;5;3m +0ms[39m
[32m[Nest] 17855   - [39m4/18/2019, 12:54:20 AM   [38;5;3m[RouterExplorer] [39m[32mMapped {/addChildrenComment, POST} route[39m[38;5;3m +0ms[39m
[32m[Nest] 17855   - [39m4/18/2019, 12:54:20 AM   [38;5;3m[RouterExplorer] [39m[32mMapped {/deleteComment, POST} route[39m[38;5;3m +1ms[39m
[32m[Nest] 17855   - [39m4/18/2019, 12:54:20 AM   [38;5;3m[RouterExplorer] [39m[32mMapped {/addLike, POST} route[39m[38;5;3m +0ms[39m
[32m[Nest] 17855   - [39m4/18/2019, 12:54:20 AM   [38;5;3m[RouterExplorer] [39m[32mMapped {/addCollect, POST} route[39m[38;5;3m +1ms[39m
[32m[Nest] 17855   - [39m4/18/2019, 12:54:20 AM   [38;5;3m[RouterExplorer] [39m[32mMapped {/addView, POST} route[39m[38;5;3m +0ms[39m
[32m[Nest] 17855   - [39m4/18/2019, 12:54:20 AM   [38;5;3m[RoutesResolver] [39m[32mReplyController {/account}:[39m[38;5;3m +0ms[39m
[32m[Nest] 17855   - [39m4/18/2019, 12:54:20 AM   [38;5;3m[RouterExplorer] [39m[32mMapped {/collect/:nickName, GET} route[39m[38;5;3m +0ms[39m
[32m[Nest] 17855   - [39m4/18/2019, 12:54:20 AM   [38;5;3m[RouterExplorer] [39m[32mMapped {/collect/:nickName/:page, GET} route[39m[38;5;3m +1ms[39m
[32m[Nest] 17855   - [39m4/18/2019, 12:54:20 AM   [38;5;3m[RouterExplorer] [39m[32mMapped {/removeCollect, POST} route[39m[38;5;3m +0ms[39m
[32m[Nest] 17855   - [39m4/18/2019, 12:54:20 AM   [38;5;3m[RoutesResolver] [39m[32mSearchPageController {/post}:[39m[38;5;3m +0ms[39m
[32m[Nest] 17855   - [39m4/18/2019, 12:54:20 AM   [38;5;3m[RouterExplorer] [39m[32mMapped {/search/:keyword, GET} route[39m[38;5;3m +1ms[39m
[32m[Nest] 17855   - [39m4/18/2019, 12:54:20 AM   [38;5;3m[RouterExplorer] [39m[32mMapped {/search/:keyword/:page, GET} route[39m[38;5;3m +0ms[39m
[32m[Nest] 17855   - [39m4/18/2019, 12:54:20 AM   [38;5;3m[RoutesResolver] [39m[32mDownloadController {/}:[39m[38;5;3m +0ms[39m
[32m[Nest] 17855   - [39m4/18/2019, 12:54:20 AM   [38;5;3m[RouterExplorer] [39m[32mMapped {/download, GET} route[39m[38;5;3m +1ms[39m
[32m[Nest] 17855   - [39m4/18/2019, 12:54:20 AM   [38;5;3m[NestApplication] [39m[32mNest application successfully started[39m[38;5;3m +3ms[39m
[32m[æ“ä½œæ—¶é—´:2019-04-18 00:55:42.432] [æ—¥å¿—çº§åˆ«:INFO] [ä¸šåŠ¡:http] 
å†…å®¹:
æ—¥å¿—æ—¶é—´ï¼šThu, 18 Apr 2019 07:55:42 GMT  è¯·æ±‚åœ°å€ï¼š/account/getUserInfo  è¯·æ±‚æ–¹æ³•ï¼šPOST 
å®¢æˆ·ç«¯IPåœ°å€ï¼š::ffff:192.168.4.231 
å¼•ç”¨åœ°å€ï¼šhttp://127.0.0.1:3002/ 
å®¢æˆ·ç«¯ä¿¡æ¯ï¼šMozilla/5.0 (iPhone; CPU iPhone OS 11_0 like Mac OS X) AppleWebKit/604.1.38 (KHTML, like Gecko) Version/11.0 Mobile/15A372 Safari/604.1 
å“åº”çŠ¶æ€ï¼š201 
å“åº”æ—¶é—´ï¼š35 
----------------------------------------------------------------------------------------------------------------------------- [39m
[32m[æ“ä½œæ—¶é—´:2019-04-18 00:55:42.472] [æ—¥å¿—çº§åˆ«:INFO] [ä¸šåŠ¡:http] 
å†…å®¹:
æ—¥å¿—æ—¶é—´ï¼šThu, 18 Apr 2019 07:55:42 GMT  è¯·æ±‚åœ°å€ï¼š/topic/ALL/1  è¯·æ±‚æ–¹æ³•ï¼šGET 
å®¢æˆ·ç«¯IPåœ°å€ï¼š::ffff:192.168.4.231 
å¼•ç”¨åœ°å€ï¼šhttp://127.0.0.1:3002/ 
å®¢æˆ·ç«¯ä¿¡æ¯ï¼šMozilla/5.0 (iPhone; CPU iPhone OS 11_0 like Mac OS X) AppleWebKit/604.1.38 (KHTML, like Gecko) Version/11.0 Mobile/15A372 Safari/604.1 
å“åº”çŠ¶æ€ï¼š200 
å“åº”æ—¶é—´ï¼š20 
----------------------------------------------------------------------------------------------------------------------------- [39m
[32m[æ“ä½œæ—¶é—´:2019-04-18 00:55:50.662] [æ—¥å¿—çº§åˆ«:INFO] [ä¸šåŠ¡:http] 
å†…å®¹:
æ—¥å¿—æ—¶é—´ï¼šThu, 18 Apr 2019 07:55:50 GMT  è¯·æ±‚åœ°å€ï¼š/post/addView  è¯·æ±‚æ–¹æ³•ï¼šPOST 
å®¢æˆ·ç«¯IPåœ°å€ï¼š::ffff:192.168.4.231 
å¼•ç”¨åœ°å€ï¼šhttp://127.0.0.1:3002/ 
å®¢æˆ·ç«¯ä¿¡æ¯ï¼šMozilla/5.0 (iPhone; CPU iPhone OS 11_0 like Mac OS X) AppleWebKit/604.1.38 (KHTML, like Gecko) Version/11.0 Mobile/15A372 Safari/604.1 
å“åº”çŠ¶æ€ï¼š201 
å“åº”æ—¶é—´ï¼š32 
----------------------------------------------------------------------------------------------------------------------------- [39m
[32m[æ“ä½œæ—¶é—´:2019-04-18 00:55:59.793] [æ—¥å¿—çº§åˆ«:INFO] [ä¸šåŠ¡:http] 
å†…å®¹:
æ—¥å¿—æ—¶é—´ï¼šThu, 18 Apr 2019 07:55:59 GMT  è¯·æ±‚åœ°å€ï¼š/account/getUserInfo  è¯·æ±‚æ–¹æ³•ï¼šPOST 
å®¢æˆ·ç«¯IPåœ°å€ï¼š::ffff:192.168.4.231 
å¼•ç”¨åœ°å€ï¼šhttp://127.0.0.1:3002/ 
å®¢æˆ·ç«¯ä¿¡æ¯ï¼šMozilla/5.0 (iPhone; CPU iPhone OS 11_0 like Mac OS X) AppleWebKit/604.1.38 (KHTML, like Gecko) Version/11.0 Mobile/15A372 Safari/604.1 
å“åº”çŠ¶æ€ï¼š201 
å“åº”æ—¶é—´ï¼š4 
----------------------------------------------------------------------------------------------------------------------------- [39m
[32m[æ“ä½œæ—¶é—´:2019-04-18 00:55:59.852] [æ—¥å¿—çº§åˆ«:INFO] [ä¸šåŠ¡:http] 
å†…å®¹:
æ—¥å¿—æ—¶é—´ï¼šThu, 18 Apr 2019 07:55:59 GMT  è¯·æ±‚åœ°å€ï¼š/topic/ALL/1  è¯·æ±‚æ–¹æ³•ï¼šGET 
å®¢æˆ·ç«¯IPåœ°å€ï¼š::ffff:192.168.4.231 
å¼•ç”¨åœ°å€ï¼šhttp://127.0.0.1:3002/ 
å®¢æˆ·ç«¯ä¿¡æ¯ï¼šMozilla/5.0 (iPhone; CPU iPhone OS 11_0 like Mac OS X) AppleWebKit/604.1.38 (KHTML, like Gecko) Version/11.0 Mobile/15A372 Safari/604.1 
å“åº”çŠ¶æ€ï¼š200 
å“åº”æ—¶é—´ï¼š12 
----------------------------------------------------------------------------------------------------------------------------- [39m
[33m[æ“ä½œæ—¶é—´:2019-04-18 00:56:03.647] [æ—¥å¿—çº§åˆ«:WARN] [ä¸šåŠ¡:http] 
å†…å®¹:
æ—¥å¿—æ—¶é—´ï¼šThu, 18 Apr 2019 07:56:03 GMT  è¯·æ±‚åœ°å€ï¼š/account/reply/Eternal  è¯·æ±‚æ–¹æ³•ï¼šGET 
å®¢æˆ·ç«¯IPåœ°å€ï¼š::ffff:192.168.4.238 
å¼•ç”¨åœ°å€ï¼šhttp://192.168.4.188:3002/ 
å®¢æˆ·ç«¯ä¿¡æ¯ï¼šMozilla/5.0 (iPhone; CPU iPhone OS 12_2 like Mac OS X) AppleWebKit/605.1.15 (KHTML, like Gecko) Mobile/15E148 MicroMessenger/7.0.3(0x17000321) NetType/WIFI Language/zh_CN 
å“åº”çŠ¶æ€ï¼š304 
å“åº”æ—¶é—´ï¼š26 
----------------------------------------------------------------------------------------------------------------------------- [39m
[33m[æ“ä½œæ—¶é—´:2019-04-18 00:56:03.682] [æ—¥å¿—çº§åˆ«:WARN] [ä¸šåŠ¡:http] 
å†…å®¹:
æ—¥å¿—æ—¶é—´ï¼šThu, 18 Apr 2019 07:56:03 GMT  è¯·æ±‚åœ°å€ï¼š/style/account/reply.css  è¯·æ±‚æ–¹æ³•ï¼šGET 
å®¢æˆ·ç«¯IPåœ°å€ï¼š::ffff:192.168.4.238 
å¼•ç”¨åœ°å€ï¼šhttp://192.168.4.188:3002/account/reply/Eternal 
å®¢æˆ·ç«¯ä¿¡æ¯ï¼šMozilla/5.0 (iPhone; CPU iPhone OS 12_2 like Mac OS X) AppleWebKit/605.1.15 (KHTML, like Gecko) Mobile/15E148 MicroMessenger/7.0.3(0x17000321) NetType/WIFI Language/zh_CN 
å“åº”çŠ¶æ€ï¼š304 
å“åº”æ—¶é—´ï¼š2 
----------------------------------------------------------------------------------------------------------------------------- [39m
[33m[æ“ä½œæ—¶é—´:2019-04-18 00:56:03.705] [æ—¥å¿—çº§åˆ«:WARN] [ä¸šåŠ¡:http] 
å†…å®¹:
æ—¥å¿—æ—¶é—´ï¼šThu, 18 Apr 2019 07:56:03 GMT  è¯·æ±‚åœ°å€ï¼š/js/jquery.cookie.js  è¯·æ±‚æ–¹æ³•ï¼šGET 
å®¢æˆ·ç«¯IPåœ°å€ï¼š::ffff:192.168.4.238 
å¼•ç”¨åœ°å€ï¼šhttp://192.168.4.188:3002/account/reply/Eternal 
å®¢æˆ·ç«¯ä¿¡æ¯ï¼šMozilla/5.0 (iPhone; CPU iPhone OS 12_2 like Mac OS X) AppleWebKit/605.1.15 (KHTML, like Gecko) Mobile/15E148 MicroMessenger/7.0.3(0x17000321) NetType/WIFI Language/zh_CN 
å“åº”çŠ¶æ€ï¼š304 
å“åº”æ—¶é—´ï¼š0 
----------------------------------------------------------------------------------------------------------------------------- [39m
[33m[æ“ä½œæ—¶é—´:2019-04-18 00:56:03.708] [æ—¥å¿—çº§åˆ«:WARN] [ä¸šåŠ¡:http] 
å†…å®¹:
æ—¥å¿—æ—¶é—´ï¼šThu, 18 Apr 2019 07:56:03 GMT  è¯·æ±‚åœ°å€ï¼š/js/common.js  è¯·æ±‚æ–¹æ³•ï¼šGET 
å®¢æˆ·ç«¯IPåœ°å€ï¼š::ffff:192.168.4.238 
å¼•ç”¨åœ°å€ï¼šhttp://192.168.4.188:3002/account/reply/Eternal 
å®¢æˆ·ç«¯ä¿¡æ¯ï¼šMozilla/5.0 (iPhone; CPU iPhone OS 12_2 like Mac OS X) AppleWebKit/605.1.15 (KHTML, like Gecko) Mobile/15E148 MicroMessenger/7.0.3(0x17000321) NetType/WIFI Language/zh_CN 
å“åº”çŠ¶æ€ï¼š304 
å“åº”æ—¶é—´ï¼š1 
----------------------------------------------------------------------------------------------------------------------------- [39m
[33m[æ“ä½œæ—¶é—´:2019-04-18 00:56:03.709] [æ—¥å¿—çº§åˆ«:WARN] [ä¸šåŠ¡:http] 
å†…å®¹:
æ—¥å¿—æ—¶é—´ï¼šThu, 18 Apr 2019 07:56:03 GMT  è¯·æ±‚åœ°å€ï¼š/js/pageTurning.js  è¯·æ±‚æ–¹æ³•ï¼šGET 
å®¢æˆ·ç«¯IPåœ°å€ï¼š::ffff:192.168.4.238 
å¼•ç”¨åœ°å€ï¼šhttp://192.168.4.188:3002/account/reply/Eternal 
å®¢æˆ·ç«¯ä¿¡æ¯ï¼šMozilla/5.0 (iPhone; CPU iPhone OS 12_2 like Mac OS X) AppleWebKit/605.1.15 (KHTML, like Gecko) Mobile/15E148 MicroMessenger/7.0.3(0x17000321) NetType/WIFI Language/zh_CN 
å“åº”çŠ¶æ€ï¼š304 
å“åº”æ—¶é—´ï¼š1 
----------------------------------------------------------------------------------------------------------------------------- [39m
[33m[æ“ä½œæ—¶é—´:2019-04-18 00:56:03.710] [æ—¥å¿—çº§åˆ«:WARN] [ä¸šåŠ¡:http] 
å†…å®¹:
æ—¥å¿—æ—¶é—´ï¼šThu, 18 Apr 2019 07:56:03 GMT  è¯·æ±‚åœ°å€ï¼š/js/jquery-3.3.1.min.js  è¯·æ±‚æ–¹æ³•ï¼šGET 
å®¢æˆ·ç«¯IPåœ°å€ï¼š::ffff:192.168.4.238 
å¼•ç”¨åœ°å€ï¼šhttp://192.168.4.188:3002/account/reply/Eternal 
å®¢æˆ·ç«¯ä¿¡æ¯ï¼šMozilla/5.0 (iPhone; CPU iPhone OS 12_2 like Mac OS X) AppleWebKit/605.1.15 (KHTML, like Gecko) Mobile/15E148 MicroMessenger/7.0.3(0x17000321) NetType/WIFI Language/zh_CN 
å“åº”çŠ¶æ€ï¼š304 
å“åº”æ—¶é—´ï¼š1 
----------------------------------------------------------------------------------------------------------------------------- [39m
[33m[æ“ä½œæ—¶é—´:2019-04-18 00:56:03.759] [æ—¥å¿—çº§åˆ«:WARN] [ä¸šåŠ¡:http] 
å†…å®¹:
æ—¥å¿—æ—¶é—´ï¼šThu, 18 Apr 2019 07:56:03 GMT  è¯·æ±‚åœ°å€ï¼š/js/ghost-ui.js  è¯·æ±‚æ–¹æ³•ï¼šGET 
å®¢æˆ·ç«¯IPåœ°å€ï¼š::ffff:192.168.4.238 
å¼•ç”¨åœ°å€ï¼šhttp://192.168.4.188:3002/account/reply/Eternal 
å®¢æˆ·ç«¯ä¿¡æ¯ï¼šMozilla/5.0 (iPhone; CPU iPhone OS 12_2 like Mac OS X) AppleWebKit/605.1.15 (KHTML, like Gecko) Mobile/15E148 MicroMessenger/7.0.3(0x17000321) NetType/WIFI Language/zh_CN 
å“åº”çŠ¶æ€ï¼š304 
å“åº”æ—¶é—´ï¼š0 
----------------------------------------------------------------------------------------------------------------------------- [39m
[33m[æ“ä½œæ—¶é—´:2019-04-18 00:56:03.760] [æ—¥å¿—çº§åˆ«:WARN] [ä¸šåŠ¡:http] 
å†…å®¹:
æ—¥å¿—æ—¶é—´ï¼šThu, 18 Apr 2019 07:56:03 GMT  è¯·æ±‚åœ°å€ï¼š/js/waves.min.js  è¯·æ±‚æ–¹æ³•ï¼šGET 
å®¢æˆ·ç«¯IPåœ°å€ï¼š::ffff:192.168.4.238 
å¼•ç”¨åœ°å€ï¼šhttp://192.168.4.188:3002/account/reply/Eternal 
å®¢æˆ·ç«¯ä¿¡æ¯ï¼šMozilla/5.0 (iPhone; CPU iPhone OS 12_2 like Mac OS X) AppleWebKit/605.1.15 (KHTML, like Gecko) Mobile/15E148 MicroMessenger/7.0.3(0x17000321) NetType/WIFI Language/zh_CN 
å“åº”çŠ¶æ€ï¼š304 
å“åº”æ—¶é—´ï¼š1 
----------------------------------------------------------------------------------------------------------------------------- [39m
[33m[æ“ä½œæ—¶é—´:2019-04-18 00:56:03.761] [æ—¥å¿—çº§åˆ«:WARN] [ä¸šåŠ¡:http] 
å†…å®¹:
æ—¥å¿—æ—¶é—´ï¼šThu, 18 Apr 2019 07:56:03 GMT  è¯·æ±‚åœ°å€ï¼š/js/httphijack1.0.0.js  è¯·æ±‚æ–¹æ³•ï¼šGET 
å®¢æˆ·ç«¯IPåœ°å€ï¼š::ffff:192.168.4.238 
å¼•ç”¨åœ°å€ï¼šhttp://192.168.4.188:3002/account/reply/Eternal 
å®¢æˆ·ç«¯ä¿¡æ¯ï¼šMozilla/5.0 (iPhone; CPU iPhone OS 12_2 like Mac OS X) AppleWebKit/605.1.15 (KHTML, like Gecko) Mobile/15E148 MicroMessenger/7.0.3(0x17000321) NetType/WIFI Language/zh_CN 
å“åº”çŠ¶æ€ï¼š304 
å“åº”æ—¶é—´ï¼š1 
----------------------------------------------------------------------------------------------------------------------------- [39m
[33m[æ“ä½œæ—¶é—´:2019-04-18 00:56:03.762] [æ—¥å¿—çº§åˆ«:WARN] [ä¸šåŠ¡:http] 
å†…å®¹:
æ—¥å¿—æ—¶é—´ï¼šThu, 18 Apr 2019 07:56:03 GMT  è¯·æ±‚åœ°å€ï¼š/js/tagsinput.js  è¯·æ±‚æ–¹æ³•ï¼šGET 
å®¢æˆ·ç«¯IPåœ°å€ï¼š::ffff:192.168.4.238 
å¼•ç”¨åœ°å€ï¼šhttp://192.168.4.188:3002/account/reply/Eternal 
å®¢æˆ·ç«¯ä¿¡æ¯ï¼šMozilla/5.0 (iPhone; CPU iPhone OS 12_2 like Mac OS X) AppleWebKit/605.1.15 (KHTML, like Gecko) Mobile/15E148 MicroMessenger/7.0.3(0x17000321) NetType/WIFI Language/zh_CN 
å“åº”çŠ¶æ€ï¼š304 
å“åº”æ—¶é—´ï¼š1 
----------------------------------------------------------------------------------------------------------------------------- [39m
[33m[æ“ä½œæ—¶é—´:2019-04-18 00:56:03.769] [æ—¥å¿—çº§åˆ«:WARN] [ä¸šåŠ¡:http] 
å†…å®¹:
æ—¥å¿—æ—¶é—´ï¼šThu, 18 Apr 2019 07:56:03 GMT  è¯·æ±‚åœ°å€ï¼š/js/autosize.js  è¯·æ±‚æ–¹æ³•ï¼šGET 
å®¢æˆ·ç«¯IPåœ°å€ï¼š::ffff:192.168.4.238 
å¼•ç”¨åœ°å€ï¼šhttp://192.168.4.188:3002/account/reply/Eternal 
å®¢æˆ·ç«¯ä¿¡æ¯ï¼šMozilla/5.0 (iPhone; CPU iPhone OS 12_2 like Mac OS X) AppleWebKit/605.1.15 (KHTML, like Gecko) Mobile/15E148 MicroMessenger/7.0.3(0x17000321) NetType/WIFI Language/zh_CN 
å“åº”çŠ¶æ€ï¼š304 
å“åº”æ—¶é—´ï¼š0 
----------------------------------------------------------------------------------------------------------------------------- [39m
[33m[æ“ä½œæ—¶é—´:2019-04-18 00:56:03.773] [æ—¥å¿—çº§åˆ«:WARN] [ä¸šåŠ¡:http] 
å†…å®¹:
æ—¥å¿—æ—¶é—´ï¼šThu, 18 Apr 2019 07:56:03 GMT  è¯·æ±‚åœ°å€ï¼š/js/layer.js  è¯·æ±‚æ–¹æ³•ï¼šGET 
å®¢æˆ·ç«¯IPåœ°å€ï¼š::ffff:192.168.4.238 
å¼•ç”¨åœ°å€ï¼šhttp://192.168.4.188:3002/account/reply/Eternal 
å®¢æˆ·ç«¯ä¿¡æ¯ï¼šMozilla/5.0 (iPhone; CPU iPhone OS 12_2 like Mac OS X) AppleWebKit/605.1.15 (KHTML, like Gecko) Mobile/15E148 MicroMessenger/7.0.3(0x17000321) NetType/WIFI Language/zh_CN 
å“åº”çŠ¶æ€ï¼š304 
å“åº”æ—¶é—´ï¼š0 
----------------------------------------------------------------------------------------------------------------------------- [39m
[33m[æ“ä½œæ—¶é—´:2019-04-18 00:56:03.773] [æ—¥å¿—çº§åˆ«:WARN] [ä¸šåŠ¡:http] 
å†…å®¹:
æ—¥å¿—æ—¶é—´ï¼šThu, 18 Apr 2019 07:56:03 GMT  è¯·æ±‚åœ°å€ï¼š/js/dropload/dropload.min.js  è¯·æ±‚æ–¹æ³•ï¼šGET 
å®¢æˆ·ç«¯IPåœ°å€ï¼š::ffff:192.168.4.238 
å¼•ç”¨åœ°å€ï¼šhttp://192.168.4.188:3002/account/reply/Eternal 
å®¢æˆ·ç«¯ä¿¡æ¯ï¼šMozilla/5.0 (iPhone; CPU iPhone OS 12_2 like Mac OS X) AppleWebKit/605.1.15 (KHTML, like Gecko) Mobile/15E148 MicroMessenger/7.0.3(0x17000321) NetType/WIFI Language/zh_CN 
å“åº”çŠ¶æ€ï¼š304 
å“åº”æ—¶é—´ï¼š1 
----------------------------------------------------------------------------------------------------------------------------- [39m
[33m[æ“ä½œæ—¶é—´:2019-04-18 00:56:03.775] [æ—¥å¿—çº§åˆ«:WARN] [ä¸šåŠ¡:http] 
å†…å®¹:
æ—¥å¿—æ—¶é—´ï¼šThu, 18 Apr 2019 07:56:03 GMT  è¯·æ±‚åœ°å€ï¼š/js/dropload/zepto.min.js  è¯·æ±‚æ–¹æ³•ï¼šGET 
å®¢æˆ·ç«¯IPåœ°å€ï¼š::ffff:192.168.4.238 
å¼•ç”¨åœ°å€ï¼šhttp://192.168.4.188:3002/account/reply/Eternal 
å®¢æˆ·ç«¯ä¿¡æ¯ï¼šMozilla/5.0 (iPhone; CPU iPhone OS 12_2 like Mac OS X) AppleWebKit/605.1.15 (KHTML, like Gecko) Mobile/15E148 MicroMessenger/7.0.3(0x17000321) NetType/WIFI Language/zh_CN 
å“åº”çŠ¶æ€ï¼š304 
å“åº”æ—¶é—´ï¼š1 
----------------------------------------------------------------------------------------------------------------------------- [39m
[33m[æ“ä½œæ—¶é—´:2019-04-18 00:56:03.815] [æ—¥å¿—çº§åˆ«:WARN] [ä¸šåŠ¡:http] 
å†…å®¹:
æ—¥å¿—æ—¶é—´ï¼šThu, 18 Apr 2019 07:56:03 GMT  è¯·æ±‚åœ°å€ï¼š/images/header_icon.png  è¯·æ±‚æ–¹æ³•ï¼šGET 
å®¢æˆ·ç«¯IPåœ°å€ï¼š::ffff:192.168.4.238 
å¼•ç”¨åœ°å€ï¼šhttp://192.168.4.188:3002/account/reply/Eternal 
å®¢æˆ·ç«¯ä¿¡æ¯ï¼šMozilla/5.0 (iPhone; CPU iPhone OS 12_2 like Mac OS X) AppleWebKit/605.1.15 (KHTML, like Gecko) Mobile/15E148 MicroMessenger/7.0.3(0x17000321) NetType/WIFI Language/zh_CN 
å“åº”çŠ¶æ€ï¼š304 
å“åº”æ—¶é—´ï¼š0 
----------------------------------------------------------------------------------------------------------------------------- [39m
[33m[æ“ä½œæ—¶é—´:2019-04-18 00:56:03.816] [æ—¥å¿—çº§åˆ«:WARN] [ä¸šåŠ¡:http] 
å†…å®¹:
æ—¥å¿—æ—¶é—´ï¼šThu, 18 Apr 2019 07:56:03 GMT  è¯·æ±‚åœ°å€ï¼š/images/no_data.png  è¯·æ±‚æ–¹æ³•ï¼šGET 
å®¢æˆ·ç«¯IPåœ°å€ï¼š::ffff:192.168.4.238 
å¼•ç”¨åœ°å€ï¼šhttp://192.168.4.188:3002/account/reply/Eternal 
å®¢æˆ·ç«¯ä¿¡æ¯ï¼šMozilla/5.0 (iPhone; CPU iPhone OS 12_2 like Mac OS X) AppleWebKit/605.1.15 (KHTML, like Gecko) Mobile/15E148 MicroMessenger/7.0.3(0x17000321) NetType/WIFI Language/zh_CN 
å“åº”çŠ¶æ€ï¼š304 
å“åº”æ—¶é—´ï¼š1 
----------------------------------------------------------------------------------------------------------------------------- [39m
[33m[æ“ä½œæ—¶é—´:2019-04-18 00:56:04.347] [æ—¥å¿—çº§åˆ«:WARN] [ä¸šåŠ¡:http] 
å†…å®¹:
æ—¥å¿—æ—¶é—´ï¼šThu, 18 Apr 2019 07:56:04 GMT  è¯·æ±‚åœ°å€ï¼š/style/index.css  è¯·æ±‚æ–¹æ³•ï¼šGET 
å®¢æˆ·ç«¯IPåœ°å€ï¼š::ffff:192.168.4.238 
å¼•ç”¨åœ°å€ï¼šhttp://192.168.4.188:3002/account/reply/Eternal 
å®¢æˆ·ç«¯ä¿¡æ¯ï¼šMozilla/5.0 (iPhone; CPU iPhone OS 12_2 like Mac OS X) AppleWebKit/605.1.15 (KHTML, like Gecko) Mobile/15E148 MicroMessenger/7.0.3(0x17000321) NetType/WIFI Language/zh_CN 
å“åº”çŠ¶æ€ï¼š304 
å“åº”æ—¶é—´ï¼š1 
----------------------------------------------------------------------------------------------------------------------------- [39m
[33m[æ“ä½œæ—¶é—´:2019-04-18 00:56:04.364] [æ—¥å¿—çº§åˆ«:WARN] [ä¸šåŠ¡:http] 
å†…å®¹:
æ—¥å¿—æ—¶é—´ï¼šThu, 18 Apr 2019 07:56:04 GMT  è¯·æ±‚åœ°å€ï¼š/style/reset.css  è¯·æ±‚æ–¹æ³•ï¼šGET 
å®¢æˆ·ç«¯IPåœ°å€ï¼š::ffff:192.168.4.238 
å¼•ç”¨åœ°å€ï¼šhttp://192.168.4.188:3002/account/reply/Eternal 
å®¢æˆ·ç«¯ä¿¡æ¯ï¼šMozilla/5.0 (iPhone; CPU iPhone OS 12_2 like Mac OS X) AppleWebKit/605.1.15 (KHTML, like Gecko) Mobile/15E148 MicroMessenger/7.0.3(0x17000321) NetType/WIFI Language/zh_CN 
å“åº”çŠ¶æ€ï¼š304 
å“åº”æ—¶é—´ï¼š1 
----------------------------------------------------------------------------------------------------------------------------- [39m
[33m[æ“ä½œæ—¶é—´:2019-04-18 00:56:04.384] [æ—¥å¿—çº§åˆ«:WARN] [ä¸šåŠ¡:http] 
å†…å®¹:
æ—¥å¿—æ—¶é—´ï¼šThu, 18 Apr 2019 07:56:04 GMT  è¯·æ±‚åœ°å€ï¼š/style/common/common.css  è¯·æ±‚æ–¹æ³•ï¼šGET 
å®¢æˆ·ç«¯IPåœ°å€ï¼š::ffff:192.168.4.238 
å¼•ç”¨åœ°å€ï¼šhttp://192.168.4.188:3002/account/reply/Eternal 
å®¢æˆ·ç«¯ä¿¡æ¯ï¼šMozilla/5.0 (iPhone; CPU iPhone OS 12_2 like Mac OS X) AppleWebKit/605.1.15 (KHTML, like Gecko) Mobile/15E148 MicroMessenger/7.0.3(0x17000321) NetType/WIFI Language/zh_CN 
å“åº”çŠ¶æ€ï¼š304 
å“åº”æ—¶é—´ï¼š0 
----------------------------------------------------------------------------------------------------------------------------- [39m
[33m[æ“ä½œæ—¶é—´:2019-04-18 00:56:04.386] [æ—¥å¿—çº§åˆ«:WARN] [ä¸šåŠ¡:http] 
å†…å®¹:
æ—¥å¿—æ—¶é—´ï¼šThu, 18 Apr 2019 07:56:04 GMT  è¯·æ±‚åœ°å€ï¼š/style/common/header.css  è¯·æ±‚æ–¹æ³•ï¼šGET 
å®¢æˆ·ç«¯IPåœ°å€ï¼š::ffff:192.168.4.238 
å¼•ç”¨åœ°å€ï¼šhttp://192.168.4.188:3002/account/reply/Eternal 
å®¢æˆ·ç«¯ä¿¡æ¯ï¼šMozilla/5.0 (iPhone; CPU iPhone OS 12_2 like Mac OS X) AppleWebKit/605.1.15 (KHTML, like Gecko) Mobile/15E148 MicroMessenger/7.0.3(0x17000321) NetType/WIFI Language/zh_CN 
å“åº”çŠ¶æ€ï¼š304 
å“åº”æ—¶é—´ï¼š1 
----------------------------------------------------------------------------------------------------------------------------- [39m
[33m[æ“ä½œæ—¶é—´:2019-04-18 00:56:04.387] [æ—¥å¿—çº§åˆ«:WARN] [ä¸šåŠ¡:http] 
å†…å®¹:
æ—¥å¿—æ—¶é—´ï¼šThu, 18 Apr 2019 07:56:04 GMT  è¯·æ±‚åœ°å€ï¼š/style/common/card.css  è¯·æ±‚æ–¹æ³•ï¼šGET 
å®¢æˆ·ç«¯IPåœ°å€ï¼š::ffff:192.168.4.238 
å¼•ç”¨åœ°å€ï¼šhttp://192.168.4.188:3002/account/reply/Eternal 
å®¢æˆ·ç«¯ä¿¡æ¯ï¼šMozilla/5.0 (iPhone; CPU iPhone OS 12_2 like Mac OS X) AppleWebKit/605.1.15 (KHTML, like Gecko) Mobile/15E148 MicroMessenger/7.0.3(0x17000321) NetType/WIFI Language/zh_CN 
å“åº”çŠ¶æ€ï¼š304 
å“åº”æ—¶é—´ï¼š2 
----------------------------------------------------------------------------------------------------------------------------- [39m
[33m[æ“ä½œæ—¶é—´:2019-04-18 00:56:04.387] [æ—¥å¿—çº§åˆ«:WARN] [ä¸šåŠ¡:http] 
å†…å®¹:
æ—¥å¿—æ—¶é—´ï¼šThu, 18 Apr 2019 07:56:04 GMT  è¯·æ±‚åœ°å€ï¼š/style/common/button.css  è¯·æ±‚æ–¹æ³•ï¼šGET 
å®¢æˆ·ç«¯IPåœ°å€ï¼š::ffff:192.168.4.238 
å¼•ç”¨åœ°å€ï¼šhttp://192.168.4.188:3002/account/reply/Eternal 
å®¢æˆ·ç«¯ä¿¡æ¯ï¼šMozilla/5.0 (iPhone; CPU iPhone OS 12_2 like Mac OS X) AppleWebKit/605.1.15 (KHTML, like Gecko) Mobile/15E148 MicroMessenger/7.0.3(0x17000321) NetType/WIFI Language/zh_CN 
å“åº”çŠ¶æ€ï¼š304 
å“åº”æ—¶é—´ï¼š2 
----------------------------------------------------------------------------------------------------------------------------- [39m
[33m[æ“ä½œæ—¶é—´:2019-04-18 00:56:04.389] [æ—¥å¿—çº§åˆ«:WARN] [ä¸šåŠ¡:http] 
å†…å®¹:
æ—¥å¿—æ—¶é—´ï¼šThu, 18 Apr 2019 07:56:04 GMT  è¯·æ±‚åœ°å€ï¼š/style/variable.css  è¯·æ±‚æ–¹æ³•ï¼šGET 
å®¢æˆ·ç«¯IPåœ°å€ï¼š::ffff:192.168.4.238 
å¼•ç”¨åœ°å€ï¼šhttp://192.168.4.188:3002/account/reply/Eternal 
å®¢æˆ·ç«¯ä¿¡æ¯ï¼šMozilla/5.0 (iPhone; CPU iPhone OS 12_2 like Mac OS X) AppleWebKit/605.1.15 (KHTML, like Gecko) Mobile/15E148 MicroMessenger/7.0.3(0x17000321) NetType/WIFI Language/zh_CN 
å“åº”çŠ¶æ€ï¼š304 
å“åº”æ—¶é—´ï¼š0 
----------------------------------------------------------------------------------------------------------------------------- [39m
[33m[æ“ä½œæ—¶é—´:2019-04-18 00:56:04.390] [æ—¥å¿—çº§åˆ«:WARN] [ä¸šåŠ¡:http] 
å†…å®¹:
æ—¥å¿—æ—¶é—´ï¼šThu, 18 Apr 2019 07:56:04 GMT  è¯·æ±‚åœ°å€ï¼š/style/common/form.css  è¯·æ±‚æ–¹æ³•ï¼šGET 
å®¢æˆ·ç«¯IPåœ°å€ï¼š::ffff:192.168.4.238 
å¼•ç”¨åœ°å€ï¼šhttp://192.168.4.188:3002/account/reply/Eternal 
å®¢æˆ·ç«¯ä¿¡æ¯ï¼šMozilla/5.0 (iPhone; CPU iPhone OS 12_2 like Mac OS X) AppleWebKit/605.1.15 (KHTML, like Gecko) Mobile/15E148 MicroMessenger/7.0.3(0x17000321) NetType/WIFI Language/zh_CN 
å“åº”çŠ¶æ€ï¼š304 
å“åº”æ—¶é—´ï¼š0 
----------------------------------------------------------------------------------------------------------------------------- [39m
[33m[æ“ä½œæ—¶é—´:2019-04-18 00:56:04.421] [æ—¥å¿—çº§åˆ«:WARN] [ä¸šåŠ¡:http] 
å†…å®¹:
æ—¥å¿—æ—¶é—´ï¼šThu, 18 Apr 2019 07:56:04 GMT  è¯·æ±‚åœ°å€ï¼š/style/common/list.css  è¯·æ±‚æ–¹æ³•ï¼šGET 
å®¢æˆ·ç«¯IPåœ°å€ï¼š::ffff:192.168.4.238 
å¼•ç”¨åœ°å€ï¼šhttp://192.168.4.188:3002/account/reply/Eternal 
å®¢æˆ·ç«¯ä¿¡æ¯ï¼šMozilla/5.0 (iPhone; CPU iPhone OS 12_2 like Mac OS X) AppleWebKit/605.1.15 (KHTML, like Gecko) Mobile/15E148 MicroMessenger/7.0.3(0x17000321) NetType/WIFI Language/zh_CN 
å“åº”çŠ¶æ€ï¼š304 
å“åº”æ—¶é—´ï¼š1 
----------------------------------------------------------------------------------------------------------------------------- [39m
[33m[æ“ä½œæ—¶é—´:2019-04-18 00:56:04.421] [æ—¥å¿—çº§åˆ«:WARN] [ä¸šåŠ¡:http] 
å†…å®¹:
æ—¥å¿—æ—¶é—´ï¼šThu, 18 Apr 2019 07:56:04 GMT  è¯·æ±‚åœ°å€ï¼š/style/common/grid.css  è¯·æ±‚æ–¹æ³•ï¼šGET 
å®¢æˆ·ç«¯IPåœ°å€ï¼š::ffff:192.168.4.238 
å¼•ç”¨åœ°å€ï¼šhttp://192.168.4.188:3002/account/reply/Eternal 
å®¢æˆ·ç«¯ä¿¡æ¯ï¼šMozilla/5.0 (iPhone; CPU iPhone OS 12_2 like Mac OS X) AppleWebKit/605.1.15 (KHTML, like Gecko) Mobile/15E148 MicroMessenger/7.0.3(0x17000321) NetType/WIFI Language/zh_CN 
å“åº”çŠ¶æ€ï¼š304 
å“åº”æ—¶é—´ï¼š1 
----------------------------------------------------------------------------------------------------------------------------- [39m
[33m[æ“ä½œæ—¶é—´:2019-04-18 00:56:04.424] [æ—¥å¿—çº§åˆ«:WARN] [ä¸šåŠ¡:http] 
å†…å®¹:
æ—¥å¿—æ—¶é—´ï¼šThu, 18 Apr 2019 07:56:04 GMT  è¯·æ±‚åœ°å€ï¼š/style/common/avatar.css  è¯·æ±‚æ–¹æ³•ï¼šGET 
å®¢æˆ·ç«¯IPåœ°å€ï¼š::ffff:192.168.4.238 
å¼•ç”¨åœ°å€ï¼šhttp://192.168.4.188:3002/account/reply/Eternal 
å®¢æˆ·ç«¯ä¿¡æ¯ï¼šMozilla/5.0 (iPhone; CPU iPhone OS 12_2 like Mac OS X) AppleWebKit/605.1.15 (KHTML, like Gecko) Mobile/15E148 MicroMessenger/7.0.3(0x17000321) NetType/WIFI Language/zh_CN 
å“åº”çŠ¶æ€ï¼š304 
å“åº”æ—¶é—´ï¼š2 
----------------------------------------------------------------------------------------------------------------------------- [39m
[33m[æ“ä½œæ—¶é—´:2019-04-18 00:56:04.424] [æ—¥å¿—çº§åˆ«:WARN] [ä¸šåŠ¡:http] 
å†…å®¹:
æ—¥å¿—æ—¶é—´ï¼šThu, 18 Apr 2019 07:56:04 GMT  è¯·æ±‚åœ°å€ï¼š/style/common/input.css  è¯·æ±‚æ–¹æ³•ï¼šGET 
å®¢æˆ·ç«¯IPåœ°å€ï¼š::ffff:192.168.4.238 
å¼•ç”¨åœ°å€ï¼šhttp://192.168.4.188:3002/account/reply/Eternal 
å®¢æˆ·ç«¯ä¿¡æ¯ï¼šMozilla/5.0 (iPhone; CPU iPhone OS 12_2 like Mac OS X) AppleWebKit/605.1.15 (KHTML, like Gecko) Mobile/15E148 MicroMessenger/7.0.3(0x17000321) NetType/WIFI Language/zh_CN 
å“åº”çŠ¶æ€ï¼š304 
å“åº”æ—¶é—´ï¼š1 
----------------------------------------------------------------------------------------------------------------------------- [39m
[33m[æ“ä½œæ—¶é—´:2019-04-18 00:56:04.427] [æ—¥å¿—çº§åˆ«:WARN] [ä¸šåŠ¡:http] 
å†…å®¹:
æ—¥å¿—æ—¶é—´ï¼šThu, 18 Apr 2019 07:56:04 GMT  è¯·æ±‚åœ°å€ï¼š/style/common/tab.css  è¯·æ±‚æ–¹æ³•ï¼šGET 
å®¢æˆ·ç«¯IPåœ°å€ï¼š::ffff:192.168.4.238 
å¼•ç”¨åœ°å€ï¼šhttp://192.168.4.188:3002/account/reply/Eternal 
å®¢æˆ·ç«¯ä¿¡æ¯ï¼šMozilla/5.0 (iPhone; CPU iPhone OS 12_2 like Mac OS X) AppleWebKit/605.1.15 (KHTML, like Gecko) Mobile/15E148 MicroMessenger/7.0.3(0x17000321) NetType/WIFI Language/zh_CN 
å“åº”çŠ¶æ€ï¼š304 
å“åº”æ—¶é—´ï¼š0 
----------------------------------------------------------------------------------------------------------------------------- [39m
[33m[æ“ä½œæ—¶é—´:2019-04-18 00:56:04.430] [æ—¥å¿—çº§åˆ«:WARN] [ä¸šåŠ¡:http] 
å†…å®¹:
æ—¥å¿—æ—¶é—´ï¼šThu, 18 Apr 2019 07:56:04 GMT  è¯·æ±‚åœ°å€ï¼š/style/common/menu.css  è¯·æ±‚æ–¹æ³•ï¼šGET 
å®¢æˆ·ç«¯IPåœ°å€ï¼š::ffff:192.168.4.238 
å¼•ç”¨åœ°å€ï¼šhttp://192.168.4.188:3002/account/reply/Eternal 
å®¢æˆ·ç«¯ä¿¡æ¯ï¼šMozilla/5.0 (iPhone; CPU iPhone OS 12_2 like Mac OS X) AppleWebKit/605.1.15 (KHTML, like Gecko) Mobile/15E148 MicroMessenger/7.0.3(0x17000321) NetType/WIFI Language/zh_CN 
å“åº”çŠ¶æ€ï¼š304 
å“åº”æ—¶é—´ï¼š0 
----------------------------------------------------------------------------------------------------------------------------- [39m
[33m[æ“ä½œæ—¶é—´:2019-04-18 00:56:04.432] [æ—¥å¿—çº§åˆ«:WARN] [ä¸šåŠ¡:http] 
å†…å®¹:
æ—¥å¿—æ—¶é—´ï¼šThu, 18 Apr 2019 07:56:04 GMT  è¯·æ±‚åœ°å€ï¼š/style/common/loading.css  è¯·æ±‚æ–¹æ³•ï¼šGET 
å®¢æˆ·ç«¯IPåœ°å€ï¼š::ffff:192.168.4.238 
å¼•ç”¨åœ°å€ï¼šhttp://192.168.4.188:3002/account/reply/Eternal 
å®¢æˆ·ç«¯ä¿¡æ¯ï¼šMozilla/5.0 (iPhone; CPU iPhone OS 12_2 like Mac OS X) AppleWebKit/605.1.15 (KHTML, like Gecko) Mobile/15E148 MicroMessenger/7.0.3(0x17000321) NetType/WIFI Language/zh_CN 
å“åº”çŠ¶æ€ï¼š304 
å“åº”æ—¶é—´ï¼š1 
----------------------------------------------------------------------------------------------------------------------------- [39m
[33m[æ“ä½œæ—¶é—´:2019-04-18 00:56:04.433] [æ—¥å¿—çº§åˆ«:WARN] [ä¸šåŠ¡:http] 
å†…å®¹:
æ—¥å¿—æ—¶é—´ï¼šThu, 18 Apr 2019 07:56:04 GMT  è¯·æ±‚åœ°å€ï¼š/style/common/badge.css  è¯·æ±‚æ–¹æ³•ï¼šGET 
å®¢æˆ·ç«¯IPåœ°å€ï¼š::ffff:192.168.4.238 
å¼•ç”¨åœ°å€ï¼šhttp://192.168.4.188:3002/account/reply/Eternal 
å®¢æˆ·ç«¯ä¿¡æ¯ï¼šMozilla/5.0 (iPhone; CPU iPhone OS 12_2 like Mac OS X) AppleWebKit/605.1.15 (KHTML, like Gecko) Mobile/15E148 MicroMessenger/7.0.3(0x17000321) NetType/WIFI Language/zh_CN 
å“åº”çŠ¶æ€ï¼š304 
å“åº”æ—¶é—´ï¼š2 
----------------------------------------------------------------------------------------------------------------------------- [39m
[33m[æ“ä½œæ—¶é—´:2019-04-18 00:56:04.434] [æ—¥å¿—çº§åˆ«:WARN] [ä¸šåŠ¡:http] 
å†…å®¹:
æ—¥å¿—æ—¶é—´ï¼šThu, 18 Apr 2019 07:56:04 GMT  è¯·æ±‚åœ°å€ï¼š/style/common/skeleton.css  è¯·æ±‚æ–¹æ³•ï¼šGET 
å®¢æˆ·ç«¯IPåœ°å€ï¼š::ffff:192.168.4.238 
å¼•ç”¨åœ°å€ï¼šhttp://192.168.4.188:3002/account/reply/Eternal 
å®¢æˆ·ç«¯ä¿¡æ¯ï¼šMozilla/5.0 (iPhone; CPU iPhone OS 12_2 like Mac OS X) AppleWebKit/605.1.15 (KHTML, like Gecko) Mobile/15E148 MicroMessenger/7.0.3(0x17000321) NetType/WIFI Language/zh_CN 
å“åº”çŠ¶æ€ï¼š304 
å“åº”æ—¶é—´ï¼š1 
----------------------------------------------------------------------------------------------------------------------------- [39m
[33m[æ“ä½œæ—¶é—´:2019-04-18 00:56:04.438] [æ—¥å¿—çº§åˆ«:WARN] [ä¸šåŠ¡:http] 
å†…å®¹:
æ—¥å¿—æ—¶é—´ï¼šThu, 18 Apr 2019 07:56:04 GMT  è¯·æ±‚åœ°å€ï¼š/style/common/divider.css  è¯·æ±‚æ–¹æ³•ï¼šGET 
å®¢æˆ·ç«¯IPåœ°å€ï¼š::ffff:192.168.4.238 
å¼•ç”¨åœ°å€ï¼šhttp://192.168.4.188:3002/account/reply/Eternal 
å®¢æˆ·ç«¯ä¿¡æ¯ï¼šMozilla/5.0 (iPhone; CPU iPhone OS 12_2 like Mac OS X) AppleWebKit/605.1.15 (KHTML, like Gecko) Mobile/15E148 MicroMessenger/7.0.3(0x17000321) NetType/WIFI Language/zh_CN 
å“åº”çŠ¶æ€ï¼š304 
å“åº”æ—¶é—´ï¼š0 
----------------------------------------------------------------------------------------------------------------------------- [39m
[33m[æ“ä½œæ—¶é—´:2019-04-18 00:56:04.640] [æ—¥å¿—çº§åˆ«:WARN] [ä¸šåŠ¡:http] 
å†…å®¹:
æ—¥å¿—æ—¶é—´ï¼šThu, 18 Apr 2019 07:56:04 GMT  è¯·æ±‚åœ°å€ï¼š/style/common/backTop.css  è¯·æ±‚æ–¹æ³•ï¼šGET 
å®¢æˆ·ç«¯IPåœ°å€ï¼š::ffff:192.168.4.238 
å¼•ç”¨åœ°å€ï¼šhttp://192.168.4.188:3002/account/reply/Eternal 
å®¢æˆ·ç«¯ä¿¡æ¯ï¼šMozilla/5.0 (iPhone; CPU iPhone OS 12_2 like Mac OS X) AppleWebKit/605.1.15 (KHTML, like Gecko) Mobile/15E148 MicroMessenger/7.0.3(0x17000321) NetType/WIFI Language/zh_CN 
å“åº”çŠ¶æ€ï¼š304 
å“åº”æ—¶é—´ï¼š2 
----------------------------------------------------------------------------------------------------------------------------- [39m
[33m[æ“ä½œæ—¶é—´:2019-04-18 00:56:04.641] [æ—¥å¿—çº§åˆ«:WARN] [ä¸šåŠ¡:http] 
å†…å®¹:
æ—¥å¿—æ—¶é—´ï¼šThu, 18 Apr 2019 07:56:04 GMT  è¯·æ±‚åœ°å€ï¼š/style/common/comment.css  è¯·æ±‚æ–¹æ³•ï¼šGET 
å®¢æˆ·ç«¯IPåœ°å€ï¼š::ffff:192.168.4.238 
å¼•ç”¨åœ°å€ï¼šhttp://192.168.4.188:3002/account/reply/Eternal 
å®¢æˆ·ç«¯ä¿¡æ¯ï¼šMozilla/5.0 (iPhone; CPU iPhone OS 12_2 like Mac OS X) AppleWebKit/605.1.15 (KHTML, like Gecko) Mobile/15E148 MicroMessenger/7.0.3(0x17000321) NetType/WIFI Language/zh_CN 
å“åº”çŠ¶æ€ï¼š304 
å“åº”æ—¶é—´ï¼š3 
----------------------------------------------------------------------------------------------------------------------------- [39m
[33m[æ“ä½œæ—¶é—´:2019-04-18 00:56:04.641] [æ—¥å¿—çº§åˆ«:WARN] [ä¸šåŠ¡:http] 
å†…å®¹:
æ—¥å¿—æ—¶é—´ï¼šThu, 18 Apr 2019 07:56:04 GMT  è¯·æ±‚åœ°å€ï¼š/style/common/empty.css  è¯·æ±‚æ–¹æ³•ï¼šGET 
å®¢æˆ·ç«¯IPåœ°å€ï¼š::ffff:192.168.4.238 
å¼•ç”¨åœ°å€ï¼šhttp://192.168.4.188:3002/account/reply/Eternal 
å®¢æˆ·ç«¯ä¿¡æ¯ï¼šMozilla/5.0 (iPhone; CPU iPhone OS 12_2 like Mac OS X) AppleWebKit/605.1.15 (KHTML, like Gecko) Mobile/15E148 MicroMessenger/7.0.3(0x17000321) NetType/WIFI Language/zh_CN 
å“åº”çŠ¶æ€ï¼š304 
å“åº”æ—¶é—´ï¼š2 
----------------------------------------------------------------------------------------------------------------------------- [39m
[33m[æ“ä½œæ—¶é—´:2019-04-18 00:56:04.642] [æ—¥å¿—çº§åˆ«:WARN] [ä¸šåŠ¡:http] 
å†…å®¹:
æ—¥å¿—æ—¶é—´ï¼šThu, 18 Apr 2019 07:56:04 GMT  è¯·æ±‚åœ°å€ï¼š/style/common/model.css  è¯·æ±‚æ–¹æ³•ï¼šGET 
å®¢æˆ·ç«¯IPåœ°å€ï¼š::ffff:192.168.4.238 
å¼•ç”¨åœ°å€ï¼šhttp://192.168.4.188:3002/account/reply/Eternal 
å®¢æˆ·ç«¯ä¿¡æ¯ï¼šMozilla/5.0 (iPhone; CPU iPhone OS 12_2 like Mac OS X) AppleWebKit/605.1.15 (KHTML, like Gecko) Mobile/15E148 MicroMessenger/7.0.3(0x17000321) NetType/WIFI Language/zh_CN 
å“åº”çŠ¶æ€ï¼š304 
å“åº”æ—¶é—´ï¼š3 
----------------------------------------------------------------------------------------------------------------------------- [39m
[33m[æ“ä½œæ—¶é—´:2019-04-18 00:56:04.658] [æ—¥å¿—çº§åˆ«:WARN] [ä¸šåŠ¡:http] 
å†…å®¹:
æ—¥å¿—æ—¶é—´ï¼šThu, 18 Apr 2019 07:56:04 GMT  è¯·æ±‚åœ°å€ï¼š/style/common/waves.css  è¯·æ±‚æ–¹æ³•ï¼šGET 
å®¢æˆ·ç«¯IPåœ°å€ï¼š::ffff:192.168.4.238 
å¼•ç”¨åœ°å€ï¼šhttp://192.168.4.188:3002/account/reply/Eternal 
å®¢æˆ·ç«¯ä¿¡æ¯ï¼šMozilla/5.0 (iPhone; CPU iPhone OS 12_2 like Mac OS X) AppleWebKit/605.1.15 (KHTML, like Gecko) Mobile/15E148 MicroMessenger/7.0.3(0x17000321) NetType/WIFI Language/zh_CN 
å“åº”çŠ¶æ€ï¼š304 
å“åº”æ—¶é—´ï¼š1 
----------------------------------------------------------------------------------------------------------------------------- [39m
[33m[æ“ä½œæ—¶é—´:2019-04-18 00:56:04.660] [æ—¥å¿—çº§åˆ«:WARN] [ä¸šåŠ¡:http] 
å†…å®¹:
æ—¥å¿—æ—¶é—´ï¼šThu, 18 Apr 2019 07:56:04 GMT  è¯·æ±‚åœ°å€ï¼š/style/common/pagination.css  è¯·æ±‚æ–¹æ³•ï¼šGET 
å®¢æˆ·ç«¯IPåœ°å€ï¼š::ffff:192.168.4.238 
å¼•ç”¨åœ°å€ï¼šhttp://192.168.4.188:3002/account/reply/Eternal 
å®¢æˆ·ç«¯ä¿¡æ¯ï¼šMozilla/5.0 (iPhone; CPU iPhone OS 12_2 like Mac OS X) AppleWebKit/605.1.15 (KHTML, like Gecko) Mobile/15E148 MicroMessenger/7.0.3(0x17000321) NetType/WIFI Language/zh_CN 
å“åº”çŠ¶æ€ï¼š304 
å“åº”æ—¶é—´ï¼š1 
----------------------------------------------------------------------------------------------------------------------------- [39m
[33m[æ“ä½œæ—¶é—´:2019-04-18 00:56:04.661] [æ—¥å¿—çº§åˆ«:WARN] [ä¸šåŠ¡:http] 
å†…å®¹:
æ—¥å¿—æ—¶é—´ï¼šThu, 18 Apr 2019 07:56:04 GMT  è¯·æ±‚åœ°å€ï¼š/style/common/pageTurning.css  è¯·æ±‚æ–¹æ³•ï¼šGET 
å®¢æˆ·ç«¯IPåœ°å€ï¼š::ffff:192.168.4.238 
å¼•ç”¨åœ°å€ï¼šhttp://192.168.4.188:3002/account/reply/Eternal 
å®¢æˆ·ç«¯ä¿¡æ¯ï¼šMozilla/5.0 (iPhone; CPU iPhone OS 12_2 like Mac OS X) AppleWebKit/605.1.15 (KHTML, like Gecko) Mobile/15E148 MicroMessenger/7.0.3(0x17000321) NetType/WIFI Language/zh_CN 
å“åº”çŠ¶æ€ï¼š304 
å“åº”æ—¶é—´ï¼š2 
----------------------------------------------------------------------------------------------------------------------------- [39m
[33m[æ“ä½œæ—¶é—´:2019-04-18 00:56:04.661] [æ—¥å¿—çº§åˆ«:WARN] [ä¸šåŠ¡:http] 
å†…å®¹:
æ—¥å¿—æ—¶é—´ï¼šThu, 18 Apr 2019 07:56:04 GMT  è¯·æ±‚åœ°å€ï¼š/style/common/layer.css  è¯·æ±‚æ–¹æ³•ï¼šGET 
å®¢æˆ·ç«¯IPåœ°å€ï¼š::ffff:192.168.4.238 
å¼•ç”¨åœ°å€ï¼šhttp://192.168.4.188:3002/account/reply/Eternal 
å®¢æˆ·ç«¯ä¿¡æ¯ï¼šMozilla/5.0 (iPhone; CPU iPhone OS 12_2 like Mac OS X) AppleWebKit/605.1.15 (KHTML, like Gecko) Mobile/15E148 MicroMessenger/7.0.3(0x17000321) NetType/WIFI Language/zh_CN 
å“åº”çŠ¶æ€ï¼š304 
å“åº”æ—¶é—´ï¼š1 
----------------------------------------------------------------------------------------------------------------------------- [39m
[33m[æ“ä½œæ—¶é—´:2019-04-18 00:56:04.664] [æ—¥å¿—çº§åˆ«:WARN] [ä¸šåŠ¡:http] 
å†…å®¹:
æ—¥å¿—æ—¶é—´ï¼šThu, 18 Apr 2019 07:56:04 GMT  è¯·æ±‚åœ°å€ï¼š/style/common/tag.css  è¯·æ±‚æ–¹æ³•ï¼šGET 
å®¢æˆ·ç«¯IPåœ°å€ï¼š::ffff:192.168.4.238 
å¼•ç”¨åœ°å€ï¼šhttp://192.168.4.188:3002/account/reply/Eternal 
å®¢æˆ·ç«¯ä¿¡æ¯ï¼šMozilla/5.0 (iPhone; CPU iPhone OS 12_2 like Mac OS X) AppleWebKit/605.1.15 (KHTML, like Gecko) Mobile/15E148 MicroMessenger/7.0.3(0x17000321) NetType/WIFI Language/zh_CN 
å“åº”çŠ¶æ€ï¼š304 
å“åº”æ—¶é—´ï¼š0 
----------------------------------------------------------------------------------------------------------------------------- [39m
[33m[æ“ä½œæ—¶é—´:2019-04-18 00:56:04.681] [æ—¥å¿—çº§åˆ«:WARN] [ä¸šåŠ¡:http] 
å†…å®¹:
æ—¥å¿—æ—¶é—´ï¼šThu, 18 Apr 2019 07:56:04 GMT  è¯·æ±‚åœ°å€ï¼š/style/common/dropdown.css  è¯·æ±‚æ–¹æ³•ï¼šGET 
å®¢æˆ·ç«¯IPåœ°å€ï¼š::ffff:192.168.4.238 
å¼•ç”¨åœ°å€ï¼šhttp://192.168.4.188:3002/account/reply/Eternal 
å®¢æˆ·ç«¯ä¿¡æ¯ï¼šMozilla/5.0 (iPhone; CPU iPhone OS 12_2 like Mac OS X) AppleWebKit/605.1.15 (KHTML, like Gecko) Mobile/15E148 MicroMessenger/7.0.3(0x17000321) NetType/WIFI Language/zh_CN 
å“åº”çŠ¶æ€ï¼š304 
å“åº”æ—¶é—´ï¼š1 
----------------------------------------------------------------------------------------------------------------------------- [39m
[33m[æ“ä½œæ—¶é—´:2019-04-18 00:56:04.681] [æ—¥å¿—çº§åˆ«:WARN] [ä¸šåŠ¡:http] 
å†…å®¹:
æ—¥å¿—æ—¶é—´ï¼šThu, 18 Apr 2019 07:56:04 GMT  è¯·æ±‚åœ°å€ï¼š/style/common/dropload/dropload.css  è¯·æ±‚æ–¹æ³•ï¼šGET 
å®¢æˆ·ç«¯IPåœ°å€ï¼š::ffff:192.168.4.238 
å¼•ç”¨åœ°å€ï¼šhttp://192.168.4.188:3002/account/reply/Eternal 
å®¢æˆ·ç«¯ä¿¡æ¯ï¼šMozilla/5.0 (iPhone; CPU iPhone OS 12_2 like Mac OS X) AppleWebKit/605.1.15 (KHTML, like Gecko) Mobile/15E148 MicroMessenger/7.0.3(0x17000321) NetType/WIFI Language/zh_CN 
å“åº”çŠ¶æ€ï¼š304 
å“åº”æ—¶é—´ï¼š1 
----------------------------------------------------------------------------------------------------------------------------- [39m
[33m[æ“ä½œæ—¶é—´:2019-04-18 00:56:04.682] [æ—¥å¿—çº§åˆ«:WARN] [ä¸šåŠ¡:http] 
å†…å®¹:
æ—¥å¿—æ—¶é—´ï¼šThu, 18 Apr 2019 07:56:04 GMT  è¯·æ±‚åœ°å€ï¼š/style/common/footer.css  è¯·æ±‚æ–¹æ³•ï¼šGET 
å®¢æˆ·ç«¯IPåœ°å€ï¼š::ffff:192.168.4.238 
å¼•ç”¨åœ°å€ï¼šhttp://192.168.4.188:3002/account/reply/Eternal 
å®¢æˆ·ç«¯ä¿¡æ¯ï¼šMozilla/5.0 (iPhone; CPU iPhone OS 12_2 like Mac OS X) AppleWebKit/605.1.15 (KHTML, like Gecko) Mobile/15E148 MicroMessenger/7.0.3(0x17000321) NetType/WIFI Language/zh_CN 
å“åº”çŠ¶æ€ï¼š304 
å“åº”æ—¶é—´ï¼š2 
----------------------------------------------------------------------------------------------------------------------------- [39m
[33m[æ“ä½œæ—¶é—´:2019-04-18 00:56:04.682] [æ—¥å¿—çº§åˆ«:WARN] [ä¸šåŠ¡:http] 
å†…å®¹:
æ—¥å¿—æ—¶é—´ï¼šThu, 18 Apr 2019 07:56:04 GMT  è¯·æ±‚åœ°å€ï¼š/style/common//appHeader.css  è¯·æ±‚æ–¹æ³•ï¼šGET 
å®¢æˆ·ç«¯IPåœ°å€ï¼š::ffff:192.168.4.238 
å¼•ç”¨åœ°å€ï¼šhttp://192.168.4.188:3002/account/reply/Eternal 
å®¢æˆ·ç«¯ä¿¡æ¯ï¼šMozilla/5.0 (iPhone; CPU iPhone OS 12_2 like Mac OS X) AppleWebKit/605.1.15 (KHTML, like Gecko) Mobile/15E148 MicroMessenger/7.0.3(0x17000321) NetType/WIFI Language/zh_CN 
å“åº”çŠ¶æ€ï¼š304 
å“åº”æ—¶é—´ï¼š2 
----------------------------------------------------------------------------------------------------------------------------- [39m
[33m[æ“ä½œæ—¶é—´:2019-04-18 00:56:04.714] [æ—¥å¿—çº§åˆ«:WARN] [ä¸šåŠ¡:http] 
å†…å®¹:
æ—¥å¿—æ—¶é—´ï¼šThu, 18 Apr 2019 07:56:04 GMT  è¯·æ±‚åœ°å€ï¼š/style/common/layer.css?v=3.1.1  è¯·æ±‚æ–¹æ³•ï¼šGET 
å®¢æˆ·ç«¯IPåœ°å€ï¼š::ffff:192.168.4.238 
å¼•ç”¨åœ°å€ï¼šhttp://192.168.4.188:3002/account/reply/Eternal 
å®¢æˆ·ç«¯ä¿¡æ¯ï¼šMozilla/5.0 (iPhone; CPU iPhone OS 12_2 like Mac OS X) AppleWebKit/605.1.15 (KHTML, like Gecko) Mobile/15E148 MicroMessenger/7.0.3(0x17000321) NetType/WIFI Language/zh_CN 
å“åº”çŠ¶æ€ï¼š304 
å“åº”æ—¶é—´ï¼š0 
----------------------------------------------------------------------------------------------------------------------------- [39m
[32m[æ“ä½œæ—¶é—´:2019-04-18 00:56:04.747] [æ—¥å¿—çº§åˆ«:INFO] [ä¸šåŠ¡:http] 
å†…å®¹:
æ—¥å¿—æ—¶é—´ï¼šThu, 18 Apr 2019 07:56:04 GMT  è¯·æ±‚åœ°å€ï¼š/account/getUserInfo  è¯·æ±‚æ–¹æ³•ï¼šPOST 
å®¢æˆ·ç«¯IPåœ°å€ï¼š::ffff:192.168.4.238 
å¼•ç”¨åœ°å€ï¼šhttp://192.168.4.188:3002/account/reply/Eternal 
å®¢æˆ·ç«¯ä¿¡æ¯ï¼šMozilla/5.0 (iPhone; CPU iPhone OS 12_2 like Mac OS X) AppleWebKit/605.1.15 (KHTML, like Gecko) Mobile/15E148 MicroMessenger/7.0.3(0x17000321) NetType/WIFI Language/zh_CN 
å“åº”çŠ¶æ€ï¼š201 
å“åº”æ—¶é—´ï¼š3 
----------------------------------------------------------------------------------------------------------------------------- [39m
[33m[æ“ä½œæ—¶é—´:2019-04-18 00:56:04.784] [æ—¥å¿—çº§åˆ«:WARN] [ä¸šåŠ¡:http] 
å†…å®¹:
æ—¥å¿—æ—¶é—´ï¼šThu, 18 Apr 2019 07:56:04 GMT  è¯·æ±‚åœ°å€ï¼š/images/headerIconFile/43689c6cdb552eee107a98a4a53b4a365.jpeg  è¯·æ±‚æ–¹æ³•ï¼šGET 
å®¢æˆ·ç«¯IPåœ°å€ï¼š::ffff:192.168.4.238 
å¼•ç”¨åœ°å€ï¼šhttp://192.168.4.188:3002/account/reply/Eternal 
å®¢æˆ·ç«¯ä¿¡æ¯ï¼šMozilla/5.0 (iPhone; CPU iPhone OS 12_2 like Mac OS X) AppleWebKit/605.1.15 (KHTML, like Gecko) Mobile/15E148 MicroMessenger/7.0.3(0x17000321) NetType/WIFI Language/zh_CN 
å“åº”çŠ¶æ€ï¼š304 
å“åº”æ—¶é—´ï¼š1 
----------------------------------------------------------------------------------------------------------------------------- [39m
